[debug] [2024-06-28T15:06:16.456Z] ----------------------------------------------------------------------
[debug] [2024-06-28T15:06:16.459Z] Command:       C:\Program Files\nodejs\node.exe C:\Users\thama\AppData\Roaming\npm\node_modules\firebase-tools\lib\bin\firebase.js init
[debug] [2024-06-28T15:06:16.460Z] CLI Version:   13.12.0
[debug] [2024-06-28T15:06:16.460Z] Platform:      win32
[debug] [2024-06-28T15:06:16.460Z] Node Version:  v20.12.2
[debug] [2024-06-28T15:06:16.460Z] Time:          Fri Jun 28 2024 20:36:16 GMT+0530 (India Standard Time)
[debug] [2024-06-28T15:06:16.460Z] ----------------------------------------------------------------------
[debug] 
[debug] [2024-06-28T15:06:16.552Z] > command requires scopes: ["email","openid","https://www.googleapis.com/auth/cloudplatformprojects.readonly","https://www.googleapis.com/auth/firebase","https://www.googleapis.com/auth/cloud-platform"]
[debug] [2024-06-28T15:06:16.553Z] > authorizing via signed-in user (thamarainavinofficial@gmail.com)
[info] 
     ######## #### ########  ######## ########     ###     ######  ########
     ##        ##  ##     ## ##       ##     ##  ##   ##  ##       ##
     ######    ##  ########  ######   ########  #########  ######  ######
     ##        ##  ##    ##  ##       ##     ## ##     ##       ## ##
     ##       #### ##     ## ######## ########  ##     ##  ######  ########

You're about to initialize a Firebase project in this directory:

  C:\Users\thama\Desktop\code_editor\LearNcode

Before we get started, keep in mind:

  * You are initializing within an existing Firebase project directory

